<?xml version="1.0" encoding="UTF-8"?>
<testng-results ignored="0" total="4" passed="4" failed="0" skipped="0">
  <reporter-output>
  </reporter-output>
  <suite started-at="2023-08-02T16:00:59 IST" name="Extent report" finished-at="2023-08-02T16:00:59 IST" duration-ms="39">
    <groups>
    </groups>
    <test started-at="2023-08-02T16:00:59 IST" name="Extent report" finished-at="2023-08-02T16:00:59 IST" duration-ms="39">
      <class name="Extent_Report.Test1">
        <test-method is-config="true" signature="BClass()[pri:0, instance:Extent_Report.Test1@1de5f259]" started-at="2023-08-02T16:00:59 IST" name="BClass" finished-at="2023-08-02T16:00:59 IST" duration-ms="165" status="PASS">
          <reporter-output>
          </reporter-output>
        </test-method> <!-- BClass -->
        <test-method is-config="true" signature="BeforeClass()[pri:0, instance:Extent_Report.Test1@1de5f259]" started-at="2023-08-02T16:00:59 IST" name="BeforeClass" finished-at="2023-08-02T16:00:59 IST" duration-ms="3" status="PASS">
          <reporter-output>
          </reporter-output>
        </test-method> <!-- BeforeClass -->
        <test-method is-config="true" signature="BeforeMethod(java.lang.reflect.Method)[pri:0, instance:Extent_Report.Test1@1de5f259]" started-at="2023-08-02T16:00:59 IST" name="BeforeMethod" finished-at="2023-08-02T16:00:59 IST" duration-ms="0" status="PASS">
          <params>
            <param index="0">
              <value>
                <![CDATA[public void Extent_Report.Test1.Test1()]]>
              </value>
            </param>
          </params>
          <reporter-output>
          </reporter-output>
        </test-method> <!-- BeforeMethod -->
        <test-method signature="Test1()[pri:0, instance:Extent_Report.Test1@1de5f259]" started-at="2023-08-02T16:00:59 IST" name="Test1" finished-at="2023-08-02T16:00:59 IST" duration-ms="4" status="PASS">
          <reporter-output>
          </reporter-output>
        </test-method> <!-- Test1 -->
        <test-method is-config="true" signature="BeforeMethod(java.lang.reflect.Method)[pri:0, instance:Extent_Report.Test1@1de5f259]" started-at="2023-08-02T16:00:59 IST" name="BeforeMethod" finished-at="2023-08-02T16:00:59 IST" duration-ms="1" status="PASS">
          <params>
            <param index="0">
              <value>
                <![CDATA[public void Extent_Report.Test1.Test2()]]>
              </value>
            </param>
          </params>
          <reporter-output>
          </reporter-output>
        </test-method> <!-- BeforeMethod -->
        <test-method signature="Test2()[pri:0, instance:Extent_Report.Test1@1de5f259]" started-at="2023-08-02T16:00:59 IST" name="Test2" finished-at="2023-08-02T16:00:59 IST" duration-ms="1" status="PASS">
          <reporter-output>
          </reporter-output>
        </test-method> <!-- Test2 -->
        <test-method is-config="true" signature="AClass()[pri:0, instance:Extent_Report.Test1@1de5f259]" started-at="2023-08-02T16:00:59 IST" name="AClass" finished-at="2023-08-02T16:00:59 IST" duration-ms="191" status="PASS">
          <reporter-output>
          </reporter-output>
        </test-method> <!-- AClass -->
      </class> <!-- Extent_Report.Test1 -->
      <class name="Extent_Report.Test2">
        <test-method is-config="true" signature="BeforeClass()[pri:0, instance:Extent_Report.Test2@21282ed8]" started-at="2023-08-02T16:00:59 IST" name="BeforeClass" finished-at="2023-08-02T16:00:59 IST" duration-ms="1" status="PASS">
          <reporter-output>
          </reporter-output>
        </test-method> <!-- BeforeClass -->
        <test-method signature="Test1()[pri:0, instance:Extent_Report.Test2@21282ed8]" started-at="2023-08-02T16:00:59 IST" name="Test1" finished-at="2023-08-02T16:00:59 IST" duration-ms="1" status="PASS">
          <reporter-output>
          </reporter-output>
        </test-method> <!-- Test1 -->
        <test-method is-config="true" signature="BeforeMethod(java.lang.reflect.Method)[pri:0, instance:Extent_Report.Test2@21282ed8]" started-at="2023-08-02T16:00:59 IST" name="BeforeMethod" finished-at="2023-08-02T16:00:59 IST" duration-ms="0" status="PASS">
          <params>
            <param index="0">
              <value>
                <![CDATA[public void Extent_Report.Test2.Test1()]]>
              </value>
            </param>
          </params>
          <reporter-output>
          </reporter-output>
        </test-method> <!-- BeforeMethod -->
        <test-method is-config="true" signature="BeforeMethod(java.lang.reflect.Method)[pri:0, instance:Extent_Report.Test2@21282ed8]" started-at="2023-08-02T16:00:59 IST" name="BeforeMethod" finished-at="2023-08-02T16:00:59 IST" duration-ms="1" status="PASS">
          <params>
            <param index="0">
              <value>
                <![CDATA[public void Extent_Report.Test2.Test2()]]>
              </value>
            </param>
          </params>
          <reporter-output>
          </reporter-output>
        </test-method> <!-- BeforeMethod -->
        <test-method signature="Test2()[pri:0, instance:Extent_Report.Test2@21282ed8]" started-at="2023-08-02T16:00:59 IST" name="Test2" finished-at="2023-08-02T16:00:59 IST" duration-ms="1" status="PASS">
          <reporter-output>
          </reporter-output>
        </test-method> <!-- Test2 -->
      </class> <!-- Extent_Report.Test2 -->
    </test> <!-- Extent report -->
  </suite> <!-- Extent report -->
</testng-results>
