<?xml version="1.0" encoding="UTF-8"?>
<!-- Generated by org.testng.reporters.JUnitXMLReporter -->
<testsuite ignored="2" hostname="DESKTOP-3ATBMV1" failures="0" tests="4" name="Extent report" time="0.039" errors="0" timestamp="2023-08-02T16:00:59 IST">
  <testcase classname="Extent_Report.Test1" name="Test1" time="0.004"/>
  <testcase classname="Extent_Report.Test1" name="Test2" time="0.001"/>
  <testcase classname="Extent_Report.Test2" name="Test1" time="0.001"/>
  <testcase classname="Extent_Report.Test2" name="Test2" time="0.001"/>
  <testcase classname="Extent_Report.BaseTest" name="@BeforeSuite BClass" time="0.0">
    <ignored/>
  </testcase> <!-- @BeforeSuite BClass -->
  <testcase classname="Extent_Report.BaseTest" name="@AfterSuite AClass" time="0.0">
    <ignored/>
  </testcase> <!-- @AfterSuite AClass -->
</testsuite> <!-- Extent report -->
