<?xml version="1.0" encoding="UTF-8"?>
<testng-results ignored="0" total="1" passed="1" failed="0" skipped="0">
  <reporter-output>
  </reporter-output>
  <suite started-at="2023-07-29T11:19:15 IST" name="Default suite" finished-at="2023-07-29T11:19:22 IST" duration-ms="6826">
    <groups>
    </groups>
    <test started-at="2023-07-29T11:19:15 IST" name="Default test" finished-at="2023-07-29T11:19:22 IST" duration-ms="6826">
      <class name="Testng.TestCase">
        <test-method is-config="true" signature="openpage()[pri:0, instance:Testng.TestCase@1ffaf86]" started-at="2023-07-29T11:19:15 IST" name="openpage" finished-at="2023-07-29T11:19:21 IST" duration-ms="5956" status="PASS">
          <reporter-output>
          </reporter-output>
        </test-method> <!-- openpage -->
        <test-method signature="valid_credential()[pri:0, instance:Testng.TestCase@1ffaf86]" started-at="2023-07-29T11:19:21 IST" name="valid_credential" finished-at="2023-07-29T11:19:22 IST" duration-ms="837" status="PASS">
          <reporter-output>
          </reporter-output>
        </test-method> <!-- valid_credential -->
      </class> <!-- Testng.TestCase -->
    </test> <!-- Default test -->
  </suite> <!-- Default suite -->
</testng-results>
