<?xml version="1.0" encoding="UTF-8"?>
<testng-results ignored="0" total="1" passed="1" failed="0" skipped="0">
  <reporter-output>
  </reporter-output>
  <suite started-at="2023-07-29T15:57:13 IST" name="Default suite" finished-at="2023-07-29T15:57:20 IST" duration-ms="7497">
    <groups>
    </groups>
    <test started-at="2023-07-29T15:57:13 IST" name="Default test" finished-at="2023-07-29T15:57:20 IST" duration-ms="7497">
      <class name="Testng.TestCase">
        <test-method is-config="true" signature="openpage()[pri:0, instance:Testng.TestCase@20140db9]" started-at="2023-07-29T15:57:13 IST" name="openpage" finished-at="2023-07-29T15:57:20 IST" duration-ms="6937" status="PASS">
          <reporter-output>
          </reporter-output>
        </test-method> <!-- openpage -->
        <test-method signature="Invalid_credential()[pri:0, instance:Testng.TestCase@20140db9]" started-at="2023-07-29T15:57:20 IST" name="Invalid_credential" finished-at="2023-07-29T15:57:20 IST" duration-ms="530" status="PASS">
          <reporter-output>
          </reporter-output>
        </test-method> <!-- Invalid_credential -->
      </class> <!-- Testng.TestCase -->
    </test> <!-- Default test -->
  </suite> <!-- Default suite -->
</testng-results>
